<?xml version="1.0" encoding="UTF-8"?>
<testng-results skipped="0" failed="0" ignored="0" total="1" passed="1">
  <reporter-output>
  </reporter-output>
  <suite name="Default suite" duration-ms="99611" started-at="2018-11-28T12:18:53Z" finished-at="2018-11-28T12:20:32Z">
    <groups>
    </groups>
    <test name="Default test" duration-ms="99611" started-at="2018-11-28T12:18:53Z" finished-at="2018-11-28T12:20:32Z">
      <class name="com.tests.TC_01">
        <test-method status="PASS" signature="beforeMethod()[pri:0, instance:com.tests.TC_01@3bfdc050]" name="beforeMethod" is-config="true" duration-ms="21943" started-at="2018-11-28T12:18:53Z" finished-at="2018-11-28T12:19:15Z">
          <reporter-output>
          </reporter-output>
        </test-method> <!-- beforeMethod -->
        <test-method status="PASS" signature="test()[pri:0, instance:com.tests.TC_01@3bfdc050]" name="test" duration-ms="77012" started-at="2018-11-28T12:19:15Z" finished-at="2018-11-28T12:20:32Z">
          <reporter-output>
          </reporter-output>
        </test-method> <!-- test -->
        <test-method status="PASS" signature="afterMethod()[pri:0, instance:com.tests.TC_01@3bfdc050]" name="afterMethod" is-config="true" duration-ms="614" started-at="2018-11-28T12:20:32Z" finished-at="2018-11-28T12:20:32Z">
          <reporter-output>
          </reporter-output>
        </test-method> <!-- afterMethod -->
      </class> <!-- com.tests.TC_01 -->
    </test> <!-- Default test -->
  </suite> <!-- Default suite -->
</testng-results>
